<?xml version="1.0" encoding="UTF-8"?>
<robot generator="Robot 5.0 (Python 3.10.4 on win32)" generated="20220509 15:16:33.797" rpa="false" schemaversion="3">
<suite id="s1" name="Verify Valid Credential Suite" source="C:\Users\Sakthivel\Desktop\OrangeHRMAutomation\LoginSuite\verify_valid_credential_suite.robot">
<test id="s1-t1" name="valid credential test" line="10">
<kw name="Append To Environment Variable" library="OperatingSystem">
<arg>path</arg>
<arg>${EXECDIR}${/}Driver</arg>
<doc>Appends given ``values`` to environment variable ``name``.</doc>
<msg timestamp="20220509 15:16:34.236" level="INFO">Environment variable 'path' set to value 'C:\Program Files\Common Files\Oracle\Java\javapath;C:\windows\system32;C:\windows;C:\windows\System32\Wbem;C:\windows\System32\WindowsPowerShell\v1.0\;C:\windows\System32\OpenSSH\;C:\Program Files (x86)\NVIDIA Corporation\PhysX\Common;C:\Program Files\NVIDIA Corporation\NVIDIA NvDLISR;C:\Program Files\Git\cmd;C:\Users\Sakthivel;C:\Users\Sakthivel\Scripts\;C:\Users\Sakthivel\;C:\Users\Sakthivel\AppData\Local\Microsoft\WindowsApps;;C:\Users\Sakthivel\AppData\Local\Programs\Microsoft VS Code\bin;C:\Program Files\JetBrains\PyCharm Community Edition 2021.3.3\pycharm\PyCharm Community Edition 2021.3.3\bin;;C:\Users\Sakthivel\Desktop\OrangeHRMAutomation\Driver'.</msg>
<status status="PASS" starttime="20220509 15:16:34.236" endtime="20220509 15:16:34.236"/>
</kw>
<kw name="Open Browser" library="SeleniumLibrary">
<arg>browser=chrome</arg>
<doc>Opens a new browser instance to the optional ``url``.</doc>
<msg timestamp="20220509 15:16:34.236" level="INFO">Opening browser 'chrome' to base url 'None'.</msg>
<status status="PASS" starttime="20220509 15:16:34.236" endtime="20220509 15:16:35.536"/>
</kw>
<kw name="Maximize Browser Window" library="SeleniumLibrary">
<doc>Maximizes current browser window.</doc>
<status status="PASS" starttime="20220509 15:16:35.536" endtime="20220509 15:16:35.673"/>
</kw>
<kw name="Set Selenium Implicit Wait" library="SeleniumLibrary">
<arg>30s</arg>
<doc>Sets the implicit wait value used by Selenium.</doc>
<status status="PASS" starttime="20220509 15:16:35.673" endtime="20220509 15:16:35.673"/>
</kw>
<kw name="Go To" library="SeleniumLibrary">
<arg>url=https://opensource-demo.orangehrmlive.com/</arg>
<doc>Navigates the current browser window to the provided ``url``.</doc>
<msg timestamp="20220509 15:16:35.673" level="INFO">Opening url 'https://opensource-demo.orangehrmlive.com/'</msg>
<status status="PASS" starttime="20220509 15:16:35.673" endtime="20220509 15:19:15.154"/>
</kw>
<kw name="Input Text">
<arg>id=txtUsername</arg>
<arg>Admin</arg>
<msg timestamp="20220509 15:19:15.154" level="FAIL">Multiple keywords with name 'Input Text' found. Give the full name of the keyword you want to use:
    AppiumLibrary.Input Text
    SeleniumLibrary.Input Text</msg>
<status status="FAIL" starttime="20220509 15:19:15.154" endtime="20220509 15:19:15.154"/>
</kw>
<kw name="Input Password">
<arg>id=txtPassword</arg>
<arg>admin123</arg>
<status status="NOT RUN" starttime="20220509 15:19:15.154" endtime="20220509 15:19:15.154"/>
</kw>
<kw name="Click Element">
<arg>id=btnlogin</arg>
<status status="NOT RUN" starttime="20220509 15:19:15.154" endtime="20220509 15:19:15.154"/>
</kw>
<kw name="Page Should Contain" library="SeleniumLibrary">
<arg>My Info</arg>
<doc>Verifies that current page contains ``text``.</doc>
<status status="NOT RUN" starttime="20220509 15:19:15.154" endtime="20220509 15:19:15.154"/>
</kw>
<kw name="Close Browser" library="SeleniumLibrary" type="TEARDOWN">
<doc>Closes the current browser.</doc>
<status status="PASS" starttime="20220509 15:19:15.154" endtime="20220509 15:19:17.346"/>
</kw>
<status status="FAIL" starttime="20220509 15:16:34.220" endtime="20220509 15:19:17.346">Multiple keywords with name 'Input Text' found. Give the full name of the keyword you want to use:
    AppiumLibrary.Input Text
    SeleniumLibrary.Input Text</status>
</test>
<doc>this suite will handle valid credential
test - tittle</doc>
<status status="FAIL" starttime="20220509 15:16:33.797" endtime="20220509 15:19:17.346"/>
</suite>
<statistics>
<total>
<stat pass="0" fail="1" skip="0">All Tests</stat>
</total>
<tag>
</tag>
<suite>
<stat pass="0" fail="1" skip="0" id="s1" name="Verify Valid Credential Suite">Verify Valid Credential Suite</stat>
</suite>
</statistics>
<errors>
</errors>
</robot>
