<?xml version="1.0" encoding="UTF-8"?>
<robot generator="Robot 5.0 (Python 3.10.4 on win32)" generated="20220510 10:09:54.211" rpa="false" schemaversion="3">
<suite id="s1" name="Verify Valid Credential Suite" source="C:\Users\Sakthivel\Desktop\OrangeHRMAutomation\LoginSuite\verify_valid_credential_suite.robot">
<test id="s1-t1" name="TC1" line="9">
<kw name="launch browser" library="CommonFunctionality_resource" type="SETUP">
<kw name="Append To Environment Variable" library="OperatingSystem">
<arg>path</arg>
<arg>${EXECDIR}${/}Driver</arg>
<doc>Appends given ``values`` to environment variable ``name``.</doc>
<msg timestamp="20220510 10:09:54.367" level="INFO">Environment variable 'path' set to value 'C:\Program Files\Common Files\Oracle\Java\javapath;C:\windows\system32;C:\windows;C:\windows\System32\Wbem;C:\windows\System32\WindowsPowerShell\v1.0\;C:\windows\System32\OpenSSH\;C:\Program Files (x86)\NVIDIA Corporation\PhysX\Common;C:\Program Files\NVIDIA Corporation\NVIDIA NvDLISR;C:\Program Files\Git\cmd;C:\Users\Sakthivel;C:\Users\Sakthivel\Scripts\;C:\Users\Sakthivel\;C:\Users\Sakthivel\AppData\Local\Microsoft\WindowsApps;;C:\Users\Sakthivel\AppData\Local\Programs\Microsoft VS Code\bin;C:\Program Files\JetBrains\PyCharm Community Edition 2021.3.3\pycharm\PyCharm Community Edition 2021.3.3\bin;;C:\Users\Sakthivel\Desktop\OrangeHRMAutomation\Driver'.</msg>
<status status="PASS" starttime="20220510 10:09:54.367" endtime="20220510 10:09:54.367"/>
</kw>
<kw name="Open Browser" library="SeleniumLibrary">
<arg>browser=${BROWSER}</arg>
<doc>Opens a new browser instance to the optional ``url``.</doc>
<msg timestamp="20220510 10:09:54.367" level="INFO">Opening browser 'chrome' to base url 'None'.</msg>
<status status="PASS" starttime="20220510 10:09:54.367" endtime="20220510 10:09:55.365"/>
</kw>
<kw name="Maximize Browser Window" library="SeleniumLibrary">
<doc>Maximizes current browser window.</doc>
<status status="PASS" starttime="20220510 10:09:55.365" endtime="20220510 10:09:55.473"/>
</kw>
<kw name="Set Selenium Implicit Wait" library="SeleniumLibrary">
<arg>30s</arg>
<doc>Sets the implicit wait value used by Selenium.</doc>
<status status="PASS" starttime="20220510 10:09:55.473" endtime="20220510 10:09:55.473"/>
</kw>
<kw name="Set Screenshot Directory" library="SeleniumLibrary">
<arg>${EXECDIR}${/}screenshot</arg>
<doc>Sets the directory for captured screenshots.</doc>
<status status="PASS" starttime="20220510 10:09:55.473" endtime="20220510 10:09:55.473"/>
</kw>
<kw name="Go To" library="SeleniumLibrary">
<arg>url=${URL}</arg>
<doc>Navigates the current browser window to the provided ``url``.</doc>
<msg timestamp="20220510 10:09:55.473" level="INFO">Opening url 'https://opensource-demo.orangehrmlive.com/'</msg>
<status status="PASS" starttime="20220510 10:09:55.473" endtime="20220510 10:11:16.807"/>
</kw>
<status status="PASS" starttime="20220510 10:09:54.367" endtime="20220510 10:11:16.807"/>
</kw>
<kw name="valid credential template">
<arg>Admin</arg>
<arg>admin123</arg>
<arg>My Info</arg>
<kw name="Input Text" library="SeleniumLibrary">
<arg>id=txtUsername</arg>
<arg>${username}</arg>
<doc>Types the given ``text`` into the text field identified by ``locator``.</doc>
<msg timestamp="20220510 10:11:16.809" level="INFO">Typing text 'Admin' into text field 'id=txtUsername'.</msg>
<status status="PASS" starttime="20220510 10:11:16.808" endtime="20220510 10:11:16.862"/>
</kw>
<kw name="Input Password" library="SeleniumLibrary">
<arg>id=txtPassword</arg>
<arg>${password}</arg>
<doc>Types the given password into the text field identified by ``locator``.</doc>
<msg timestamp="20220510 10:11:16.862" level="INFO">Typing password into text field 'id=txtPassword'.</msg>
<msg timestamp="20220510 10:11:16.868" level="INFO">Temporally setting log level to: NONE</msg>
<msg timestamp="20220510 10:11:16.900" level="INFO">Log level changed from NONE to INFO.</msg>
<status status="PASS" starttime="20220510 10:11:16.862" endtime="20220510 10:11:16.900"/>
</kw>
<kw name="Click Element" library="SeleniumLibrary">
<arg>id=btnLogin</arg>
<doc>Click the element identified by ``locator``.</doc>
<msg timestamp="20220510 10:11:16.900" level="INFO">Clicking element 'id=btnLogin'.</msg>
<status status="PASS" starttime="20220510 10:11:16.900" endtime="20220510 10:11:35.065"/>
</kw>
<kw name="Page Should Contain" library="SeleniumLibrary">
<arg>${login}</arg>
<doc>Verifies that current page contains ``text``.</doc>
<msg timestamp="20220510 10:11:35.075" level="INFO">Current page contains text 'My Info'.</msg>
<status status="PASS" starttime="20220510 10:11:35.065" endtime="20220510 10:11:35.075"/>
</kw>
<status status="PASS" starttime="20220510 10:11:16.808" endtime="20220510 10:11:35.075"/>
</kw>
<kw name="Close Browser" library="SeleniumLibrary" type="TEARDOWN">
<doc>Closes the current browser.</doc>
<status status="PASS" starttime="20220510 10:11:35.076" endtime="20220510 10:11:37.159"/>
</kw>
<status status="PASS" starttime="20220510 10:09:54.367" endtime="20220510 10:11:37.159"/>
</test>
<test id="s1-t2" name="TC2" line="10">
<kw name="launch browser" library="CommonFunctionality_resource" type="SETUP">
<kw name="Append To Environment Variable" library="OperatingSystem">
<arg>path</arg>
<arg>${EXECDIR}${/}Driver</arg>
<doc>Appends given ``values`` to environment variable ``name``.</doc>
<msg timestamp="20220510 10:11:37.159" level="INFO">Environment variable 'path' set to value 'C:\Program Files\Common Files\Oracle\Java\javapath;C:\windows\system32;C:\windows;C:\windows\System32\Wbem;C:\windows\System32\WindowsPowerShell\v1.0\;C:\windows\System32\OpenSSH\;C:\Program Files (x86)\NVIDIA Corporation\PhysX\Common;C:\Program Files\NVIDIA Corporation\NVIDIA NvDLISR;C:\Program Files\Git\cmd;C:\Users\Sakthivel;C:\Users\Sakthivel\Scripts\;C:\Users\Sakthivel\;C:\Users\Sakthivel\AppData\Local\Microsoft\WindowsApps;;C:\Users\Sakthivel\AppData\Local\Programs\Microsoft VS Code\bin;C:\Program Files\JetBrains\PyCharm Community Edition 2021.3.3\pycharm\PyCharm Community Edition 2021.3.3\bin;;C:\Users\Sakthivel\Desktop\OrangeHRMAutomation\Driver;C:\Users\Sakthivel\Desktop\OrangeHRMAutomation\Driver'.</msg>
<status status="PASS" starttime="20220510 10:11:37.159" endtime="20220510 10:11:37.159"/>
</kw>
<kw name="Open Browser" library="SeleniumLibrary">
<arg>browser=${BROWSER}</arg>
<doc>Opens a new browser instance to the optional ``url``.</doc>
<msg timestamp="20220510 10:11:37.159" level="INFO">Opening browser 'chrome' to base url 'None'.</msg>
<status status="PASS" starttime="20220510 10:11:37.159" endtime="20220510 10:11:38.212"/>
</kw>
<kw name="Maximize Browser Window" library="SeleniumLibrary">
<doc>Maximizes current browser window.</doc>
<status status="PASS" starttime="20220510 10:11:38.212" endtime="20220510 10:11:38.332"/>
</kw>
<kw name="Set Selenium Implicit Wait" library="SeleniumLibrary">
<arg>30s</arg>
<doc>Sets the implicit wait value used by Selenium.</doc>
<status status="PASS" starttime="20220510 10:11:38.332" endtime="20220510 10:11:38.332"/>
</kw>
<kw name="Set Screenshot Directory" library="SeleniumLibrary">
<arg>${EXECDIR}${/}screenshot</arg>
<doc>Sets the directory for captured screenshots.</doc>
<status status="PASS" starttime="20220510 10:11:38.332" endtime="20220510 10:11:38.332"/>
</kw>
<kw name="Go To" library="SeleniumLibrary">
<arg>url=${URL}</arg>
<doc>Navigates the current browser window to the provided ``url``.</doc>
<msg timestamp="20220510 10:11:38.332" level="INFO">Opening url 'https://opensource-demo.orangehrmlive.com/'</msg>
<status status="PASS" starttime="20220510 10:11:38.332" endtime="20220510 10:12:08.131"/>
</kw>
<status status="PASS" starttime="20220510 10:11:37.159" endtime="20220510 10:12:08.132"/>
</kw>
<kw name="valid credential template">
<arg>Admin</arg>
<arg>admin123</arg>
<arg>Welcome</arg>
<kw name="Input Text" library="SeleniumLibrary">
<arg>id=txtUsername</arg>
<arg>${username}</arg>
<doc>Types the given ``text`` into the text field identified by ``locator``.</doc>
<msg timestamp="20220510 10:12:08.133" level="INFO">Typing text 'Admin' into text field 'id=txtUsername'.</msg>
<status status="PASS" starttime="20220510 10:12:08.133" endtime="20220510 10:12:08.190"/>
</kw>
<kw name="Input Password" library="SeleniumLibrary">
<arg>id=txtPassword</arg>
<arg>${password}</arg>
<doc>Types the given password into the text field identified by ``locator``.</doc>
<msg timestamp="20220510 10:12:08.190" level="INFO">Typing password into text field 'id=txtPassword'.</msg>
<msg timestamp="20220510 10:12:08.198" level="INFO">Temporally setting log level to: NONE</msg>
<msg timestamp="20220510 10:12:08.230" level="INFO">Log level changed from NONE to INFO.</msg>
<status status="PASS" starttime="20220510 10:12:08.190" endtime="20220510 10:12:08.230"/>
</kw>
<kw name="Click Element" library="SeleniumLibrary">
<arg>id=btnLogin</arg>
<doc>Click the element identified by ``locator``.</doc>
<msg timestamp="20220510 10:12:08.230" level="INFO">Clicking element 'id=btnLogin'.</msg>
<status status="PASS" starttime="20220510 10:12:08.230" endtime="20220510 10:12:20.567"/>
</kw>
<kw name="Page Should Contain" library="SeleniumLibrary">
<arg>${login}</arg>
<doc>Verifies that current page contains ``text``.</doc>
<msg timestamp="20220510 10:12:20.578" level="INFO">Current page contains text 'Welcome'.</msg>
<status status="PASS" starttime="20220510 10:12:20.567" endtime="20220510 10:12:20.578"/>
</kw>
<status status="PASS" starttime="20220510 10:12:08.132" endtime="20220510 10:12:20.579"/>
</kw>
<kw name="Close Browser" library="SeleniumLibrary" type="TEARDOWN">
<doc>Closes the current browser.</doc>
<status status="PASS" starttime="20220510 10:12:20.579" endtime="20220510 10:12:22.655"/>
</kw>
<status status="PASS" starttime="20220510 10:11:37.159" endtime="20220510 10:12:22.655"/>
</test>
<doc>this suite will handle valid credential
test - tittle</doc>
<status status="PASS" starttime="20220510 10:09:54.211" endtime="20220510 10:12:22.655"/>
</suite>
<statistics>
<total>
<stat pass="2" fail="0" skip="0">All Tests</stat>
</total>
<tag>
</tag>
<suite>
<stat pass="2" fail="0" skip="0" id="s1" name="Verify Valid Credential Suite">Verify Valid Credential Suite</stat>
</suite>
</statistics>
<errors>
</errors>
</robot>
